# JRE version: OpenJDK Runtime Environment (8.0_152-b01) (build 1.8.0_152-release-915-b01)
# Java VM: OpenJDK 64-Bit Server VM (25.152-b01 mixed mode windows-amd64 compressed oops)
Heap:
 PSYoungGen      total 103936K, used 103556K [0x00000000e0000000, 0x00000000e8900000, 0x0000000100000000)
  eden space 90112K, 100% used [0x00000000e0000000,0x00000000e5800000,0x00000000e5800000)
  from space 13824K, 97% used [0x00000000e5a00000,0x00000000e67212a0,0x00000000e6780000)
  to   space 25088K, 17% used [0x00000000e7080000,0x00000000e74b8040,0x00000000e8900000)
 ParOldGen       total 161792K, used 70884K [0x00000000a0000000, 0x00000000a9e00000, 0x00000000e0000000)
  object space 161792K, 43% used [0x00000000a0000000,0x00000000a4539198,0x00000000a9e00000)
 Metaspace       used 84287K, capacity 92931K, committed 93204K, reserved 1130496K
  class space    used 10762K, capacity 12782K, committed 12860K, reserved 1048576K
GC Heap History (10 events):
Event: 9234.348 GC heap after
Heap after GC invocations=48 (full 3):
 PSYoungGen      total 103424K, used 4651K [0x00000000e0000000, 0x00000000e9600000, 0x0000000100000000)
  eden space 98304K, 0% used [0x00000000e0000000,0x00000000e0000000,0x00000000e6000000)
  from space 5120K, 90% used [0x00000000e6200000,0x00000000e668aeb8,0x00000000e6700000)
  to   space 27648K, 0% used [0x00000000e7b00000,0x00000000e7b00000,0x00000000e9600000)
 ParOldGen       total 161792K, used 70098K [0x00000000a0000000, 0x00000000a9e00000, 0x00000000e0000000)
  object space 161792K, 43% used [0x00000000a0000000,0x00000000a4474a28,0x00000000a9e00000)
 Metaspace       used 83999K, capacity 92371K, committed 92564K, reserved 1128448K
  class space    used 10728K, capacity 12662K, committed 12732K, reserved 1048576K
}
Event: 9319.568 GC heap before
{Heap before GC invocations=49 (full 3):
 PSYoungGen      total 103424K, used 102955K [0x00000000e0000000, 0x00000000e9600000, 0x0000000100000000)
  eden space 98304K, 100% used [0x00000000e0000000,0x00000000e6000000,0x00000000e6000000)
  from space 5120K, 90% used [0x00000000e6200000,0x00000000e668aeb8,0x00000000e6700000)
  to   space 27648K, 0% used [0x00000000e7b00000,0x00000000e7b00000,0x00000000e9600000)
 ParOldGen       total 161792K, used 70098K [0x00000000a0000000, 0x00000000a9e00000, 0x00000000e0000000)
  object space 161792K, 43% used [0x00000000a0000000,0x00000000a4474a28,0x00000000a9e00000)
 Metaspace       used 84082K, capacity 92491K, committed 92564K, reserved 1128448K
  class space    used 10739K, capacity 12702K, committed 12732K, reserved 1048576K
Event: 9319.577 GC heap after
Heap after GC invocations=49 (full 3):
 PSYoungGen      total 120832K, used 4320K [0x00000000e0000000, 0x00000000e9300000, 0x0000000100000000)
  eden space 96256K, 0% used [0x00000000e0000000,0x00000000e0000000,0x00000000e5e00000)
  from space 24576K, 17% used [0x00000000e7b00000,0x00000000e7f38020,0x00000000e9300000)
  to   space 27136K, 0% used [0x00000000e5e00000,0x00000000e5e00000,0x00000000e7880000)
 ParOldGen       total 161792K, used 70338K [0x00000000a0000000, 0x00000000a9e00000, 0x00000000e0000000)
  object space 161792K, 43% used [0x00000000a0000000,0x00000000a44b0820,0x00000000a9e00000)
 Metaspace       used 84082K, capacity 92491K, committed 92564K, reserved 1128448K
  class space    used 10739K, capacity 12702K, committed 12732K, reserved 1048576K
}
Event: 9321.022 GC heap before
{Heap before GC invocations=50 (full 3):
 PSYoungGen      total 120832K, used 100576K [0x00000000e0000000, 0x00000000e9300000, 0x0000000100000000)
  eden space 96256K, 100% used [0x00000000e0000000,0x00000000e5e00000,0x00000000e5e00000)
  from space 24576K, 17% used [0x00000000e7b00000,0x00000000e7f38020,0x00000000e9300000)
  to   space 27136K, 0% used [0x00000000e5e00000,0x00000000e5e00000,0x00000000e7880000)
 ParOldGen       total 161792K, used 70338K [0x00000000a0000000, 0x00000000a9e00000, 0x00000000e0000000)
  object space 161792K, 43% used [0x00000000a0000000,0x00000000a44b0820,0x00000000a9e00000)
 Metaspace       used 84098K, capacity 92559K, committed 92820K, reserved 1130496K
  class space    used 10739K, capacity 12702K, committed 12732K, reserved 1048576K
Event: 9321.043 GC heap after
Heap after GC invocations=50 (full 3):
 PSYoungGen      total 105472K, used 11163K [0x00000000e0000000, 0x00000000e8e00000, 0x0000000100000000)
  eden space 94208K, 0% used [0x00000000e0000000,0x00000000e0000000,0x00000000e5c00000)
  from space 11264K, 99% used [0x00000000e5e00000,0x00000000e68e6e30,0x00000000e6900000)
  to   space 25600K, 0% used [0x00000000e7500000,0x00000000e7500000,0x00000000e8e00000)
 ParOldGen       total 161792K, used 70553K [0x00000000a0000000, 0x00000000a9e00000, 0x00000000e0000000)
  object space 161792K, 43% used [0x00000000a0000000,0x00000000a44e6610,0x00000000a9e00000)
 Metaspace       used 84098K, capacity 92559K, committed 92820K, reserved 1130496K
  class space    used 10739K, capacity 12702K, committed 12732K, reserved 1048576K
}
Event: 9354.637 GC heap before
{Heap before GC invocations=51 (full 3):
 PSYoungGen      total 105472K, used 105371K [0x00000000e0000000, 0x00000000e8e00000, 0x0000000100000000)
  eden space 94208K, 100% used [0x00000000e0000000,0x00000000e5c00000,0x00000000e5c00000)
  from space 11264K, 99% used [0x00000000e5e00000,0x00000000e68e6e30,0x00000000e6900000)
  to   space 25600K, 0% used [0x00000000e7500000,0x00000000e7500000,0x00000000e8e00000)
 ParOldGen       total 161792K, used 70553K [0x00000000a0000000, 0x00000000a9e00000, 0x00000000e0000000)
  object space 161792K, 43% used [0x00000000a0000000,0x00000000a44e6610,0x00000000a9e00000)
 Metaspace       used 84150K, capacity 92679K, committed 92948K, reserved 1130496K
  class space    used 10750K, capacity 12742K, committed 12860K, reserved 1048576K
Event: 9354.644 GC heap after
Heap after GC invocations=51 (full 3):
 PSYoungGen      total 114688K, used 4779K [0x00000000e0000000, 0x00000000e8b00000, 0x0000000100000000)
  eden space 92160K, 0% used [0x00000000e0000000,0x00000000e0000000,0x00000000e5a00000)
  from space 22528K, 21% used [0x00000000e7500000,0x00000000e79aae98,0x00000000e8b00000)
  to   space 25088K, 0% used [0x00000000e5a00000,0x00000000e5a00000,0x00000000e7280000)
 ParOldGen       total 161792K, used 70657K [0x00000000a0000000, 0x00000000a9e00000, 0x00000000e0000000)
  object space 161792K, 43% used [0x00000000a0000000,0x00000000a4500610,0x00000000a9e00000)
 Metaspace       used 84150K, capacity 92679K, committed 92948K, reserved 1130496K
  class space    used 10750K, capacity 12742K, committed 12860K, reserved 1048576K
}
Event: 9356.026 GC heap before
{Heap before GC invocations=52 (full 3):
 PSYoungGen      total 114688K, used 96939K [0x00000000e0000000, 0x00000000e8b00000, 0x0000000100000000)
  eden space 92160K, 100% used [0x00000000e0000000,0x00000000e5a00000,0x00000000e5a00000)
  from space 22528K, 21% used [0x00000000e7500000,0x00000000e79aae98,0x00000000e8b00000)
  to   space 25088K, 0% used [0x00000000e5a00000,0x00000000e5a00000,0x00000000e7280000)
 ParOldGen       total 161792K, used 70657K [0x00000000a0000000, 0x00000000a9e00000, 0x00000000e0000000)
  object space 161792K, 43% used [0x00000000a0000000,0x00000000a4500610,0x00000000a9e00000)
 Metaspace       used 84187K, capacity 92743K, committed 92948K, reserved 1130496K
  class space    used 10750K, capacity 12742K, committed 12860K, reserved 1048576K
Event: 9356.042 GC heap after
Heap after GC invocations=52 (full 3):
 PSYoungGen      total 103936K, used 13444K [0x00000000e0000000, 0x00000000e8900000, 0x0000000100000000)
  eden space 90112K, 0% used [0x00000000e0000000,0x00000000e0000000,0x00000000e5800000)
  from space 13824K, 97% used [0x00000000e5a00000,0x00000000e67212a0,0x00000000e6780000)
  to   space 25088K, 0% used [0x00000000e7080000,0x00000000e7080000,0x00000000e8900000)
 ParOldGen       total 161792K, used 70812K [0x00000000a0000000, 0x00000000a9e00000, 0x00000000e0000000)
  object space 161792K, 43% used [0x00000000a0000000,0x00000000a45273f8,0x00000000a9e00000)
 Metaspace       used 84187K, capacity 92743K, committed 92948K, reserved 1130496K
  class space    used 10750K, capacity 12742K, committed 12860K, reserved 1048576K
}
Event: 9496.487 GC heap before
{Heap before GC invocations=53 (full 3):
 PSYoungGen      total 103936K, used 103556K [0x00000000e0000000, 0x00000000e8900000, 0x0000000100000000)
  eden space 90112K, 100% used [0x00000000e0000000,0x00000000e5800000,0x00000000e5800000)
  from space 13824K, 97% used [0x00000000e5a00000,0x00000000e67212a0,0x00000000e6780000)
  to   space 25088K, 0% used [0x00000000e7080000,0x00000000e7080000,0x00000000e8900000)
 ParOldGen       total 161792K, used 70812K [0x00000000a0000000, 0x00000000a9e00000, 0x00000000e0000000)
  object space 161792K, 43% used [0x00000000a0000000,0x00000000a45273f8,0x00000000a9e00000)
 Metaspace       used 84287K, capacity 92931K, committed 93204K, reserved 1130496K
  class space    used 10762K, capacity 12782K, committed 12860K, reserved 1048576K

