# JRE version: OpenJDK Runtime Environment (8.0_152-b01) (build 1.8.0_152-release-915-b01)
# Java VM: OpenJDK 64-Bit Server VM (25.152-b01 mixed mode windows-amd64 compressed oops)
Heap:
 PSYoungGen      total 215040K, used 16074K [0x00000000e0000000, 0x00000000f2880000, 0x0000000100000000)
  eden space 189440K, 0% used [0x00000000e0000000,0x00000000e0000000,0x00000000eb900000)
  from space 25600K, 62% used [0x00000000eb900000,0x00000000ec8b2af0,0x00000000ed200000)
  to   space 26112K, 0% used [0x00000000f0f00000,0x00000000f0f00000,0x00000000f2880000)
 ParOldGen       total 94720K, used 42859K [0x00000000a0000000, 0x00000000a5c80000, 0x00000000e0000000)
  object space 94720K, 45% used [0x00000000a0000000,0x00000000a29dac28,0x00000000a5c80000)
 Metaspace       used 56719K, capacity 58945K, committed 59028K, reserved 1099776K
  class space    used 7767K, capacity 8365K, committed 8448K, reserved 1048576K
GC Heap History (10 events):
Event: 14.231 GC heap after
Heap after GC invocations=9 (full 2):
 PSYoungGen      total 116224K, used 0K [0x00000000e0000000, 0x00000000eba80000, 0x0000000100000000)
  eden space 104960K, 0% used [0x00000000e0000000,0x00000000e0000000,0x00000000e6680000)
  from space 11264K, 0% used [0x00000000e6680000,0x00000000e6680000,0x00000000e7180000)
  to   space 12288K, 0% used [0x00000000eae80000,0x00000000eae80000,0x00000000eba80000)
 ParOldGen       total 94720K, used 16576K [0x00000000a0000000, 0x00000000a5c80000, 0x00000000e0000000)
  object space 94720K, 17% used [0x00000000a0000000,0x00000000a1030240,0x00000000a5c80000)
 Metaspace       used 34448K, capacity 35258K, committed 35416K, reserved 1079296K
  class space    used 4699K, capacity 4973K, committed 4992K, reserved 1048576K
}
Event: 16.153 GC heap before
{Heap before GC invocations=10 (full 2):
 PSYoungGen      total 116224K, used 104960K [0x00000000e0000000, 0x00000000eba80000, 0x0000000100000000)
  eden space 104960K, 100% used [0x00000000e0000000,0x00000000e6680000,0x00000000e6680000)
  from space 11264K, 0% used [0x00000000e6680000,0x00000000e6680000,0x00000000e7180000)
  to   space 12288K, 0% used [0x00000000eae80000,0x00000000eae80000,0x00000000eba80000)
 ParOldGen       total 94720K, used 16576K [0x00000000a0000000, 0x00000000a5c80000, 0x00000000e0000000)
  object space 94720K, 17% used [0x00000000a0000000,0x00000000a1030240,0x00000000a5c80000)
 Metaspace       used 41986K, capacity 42920K, committed 43136K, reserved 1087488K
  class space    used 5631K, capacity 5955K, committed 6016K, reserved 1048576K
Event: 16.171 GC heap after
Heap after GC invocations=10 (full 2):
 PSYoungGen      total 164352K, used 12143K [0x00000000e0000000, 0x00000000eba80000, 0x0000000100000000)
  eden space 152064K, 0% used [0x00000000e0000000,0x00000000e0000000,0x00000000e9480000)
  from space 12288K, 98% used [0x00000000eae80000,0x00000000eba5be70,0x00000000eba80000)
  to   space 13824K, 0% used [0x00000000e9f80000,0x00000000e9f80000,0x00000000ead00000)
 ParOldGen       total 94720K, used 16584K [0x00000000a0000000, 0x00000000a5c80000, 0x00000000e0000000)
  object space 94720K, 17% used [0x00000000a0000000,0x00000000a1032240,0x00000000a5c80000)
 Metaspace       used 41986K, capacity 42920K, committed 43136K, reserved 1087488K
  class space    used 5631K, capacity 5955K, committed 6016K, reserved 1048576K
}
Event: 18.838 GC heap before
{Heap before GC invocations=11 (full 2):
 PSYoungGen      total 164352K, used 164207K [0x00000000e0000000, 0x00000000eba80000, 0x0000000100000000)
  eden space 152064K, 100% used [0x00000000e0000000,0x00000000e9480000,0x00000000e9480000)
  from space 12288K, 98% used [0x00000000eae80000,0x00000000eba5be70,0x00000000eba80000)
  to   space 13824K, 0% used [0x00000000e9f80000,0x00000000e9f80000,0x00000000ead00000)
 ParOldGen       total 94720K, used 16584K [0x00000000a0000000, 0x00000000a5c80000, 0x00000000e0000000)
  object space 94720K, 17% used [0x00000000a0000000,0x00000000a1032240,0x00000000a5c80000)
 Metaspace       used 52142K, capacity 53954K, committed 54144K, reserved 1095680K
  class space    used 7065K, capacity 7550K, committed 7552K, reserved 1048576K
Event: 18.887 GC heap after
Heap after GC invocations=11 (full 2):
 PSYoungGen      total 177152K, used 13806K [0x00000000e0000000, 0x00000000ee380000, 0x0000000100000000)
  eden space 163328K, 0% used [0x00000000e0000000,0x00000000e0000000,0x00000000e9f80000)
  from space 13824K, 99% used [0x00000000e9f80000,0x00000000eacfb980,0x00000000ead00000)
  to   space 17920K, 0% used [0x00000000ed200000,0x00000000ed200000,0x00000000ee380000)
 ParOldGen       total 94720K, used 22855K [0x00000000a0000000, 0x00000000a5c80000, 0x00000000e0000000)
  object space 94720K, 24% used [0x00000000a0000000,0x00000000a1651f28,0x00000000a5c80000)
 Metaspace       used 52142K, capacity 53954K, committed 54144K, reserved 1095680K
  class space    used 7065K, capacity 7550K, committed 7552K, reserved 1048576K
}
Event: 20.555 GC heap before
{Heap before GC invocations=12 (full 2):
 PSYoungGen      total 177152K, used 177134K [0x00000000e0000000, 0x00000000ee380000, 0x0000000100000000)
  eden space 163328K, 100% used [0x00000000e0000000,0x00000000e9f80000,0x00000000e9f80000)
  from space 13824K, 99% used [0x00000000e9f80000,0x00000000eacfb980,0x00000000ead00000)
  to   space 17920K, 0% used [0x00000000ed200000,0x00000000ed200000,0x00000000ee380000)
 ParOldGen       total 94720K, used 22855K [0x00000000a0000000, 0x00000000a5c80000, 0x00000000e0000000)
  object space 94720K, 24% used [0x00000000a0000000,0x00000000a1651f28,0x00000000a5c80000)
 Metaspace       used 55513K, capacity 57692K, committed 57984K, reserved 1099776K
  class space    used 7649K, capacity 8239K, committed 8320K, reserved 1048576K
Event: 20.609 GC heap after
Heap after GC invocations=12 (full 2):
 PSYoungGen      total 207360K, used 17918K [0x00000000e0000000, 0x00000000f0880000, 0x0000000100000000)
  eden space 189440K, 0% used [0x00000000e0000000,0x00000000e0000000,0x00000000eb900000)
  from space 17920K, 99% used [0x00000000ed200000,0x00000000ee37f970,0x00000000ee380000)
  to   space 25600K, 0% used [0x00000000eb900000,0x00000000eb900000,0x00000000ed200000)
 ParOldGen       total 94720K, used 37934K [0x00000000a0000000, 0x00000000a5c80000, 0x00000000e0000000)
  object space 94720K, 40% used [0x00000000a0000000,0x00000000a250b938,0x00000000a5c80000)
 Metaspace       used 55513K, capacity 57692K, committed 57984K, reserved 1099776K
  class space    used 7649K, capacity 8239K, committed 8320K, reserved 1048576K
}
Event: 24.091 GC heap before
{Heap before GC invocations=13 (full 2):
 PSYoungGen      total 207360K, used 73248K [0x00000000e0000000, 0x00000000f0880000, 0x0000000100000000)
  eden space 189440K, 29% used [0x00000000e0000000,0x00000000e3608958,0x00000000eb900000)
  from space 17920K, 99% used [0x00000000ed200000,0x00000000ee37f970,0x00000000ee380000)
  to   space 25600K, 0% used [0x00000000eb900000,0x00000000eb900000,0x00000000ed200000)
 ParOldGen       total 94720K, used 37934K [0x00000000a0000000, 0x00000000a5c80000, 0x00000000e0000000)
  object space 94720K, 40% used [0x00000000a0000000,0x00000000a250b938,0x00000000a5c80000)
 Metaspace       used 56719K, capacity 58945K, committed 59028K, reserved 1099776K
  class space    used 7767K, capacity 8365K, committed 8448K, reserved 1048576K
Event: 24.128 GC heap after
Heap after GC invocations=13 (full 2):
 PSYoungGen      total 215040K, used 16074K [0x00000000e0000000, 0x00000000f2880000, 0x0000000100000000)
  eden space 189440K, 0% used [0x00000000e0000000,0x00000000e0000000,0x00000000eb900000)
  from space 25600K, 62% used [0x00000000eb900000,0x00000000ec8b2af0,0x00000000ed200000)
  to   space 26112K, 0% used [0x00000000f0f00000,0x00000000f0f00000,0x00000000f2880000)
 ParOldGen       total 94720K, used 42859K [0x00000000a0000000, 0x00000000a5c80000, 0x00000000e0000000)
  object space 94720K, 45% used [0x00000000a0000000,0x00000000a29dac28,0x00000000a5c80000)
 Metaspace       used 56719K, capacity 58945K, committed 59028K, reserved 1099776K
  class space    used 7767K, capacity 8365K, committed 8448K, reserved 1048576K
}
Event: 24.128 GC heap before
{Heap before GC invocations=14 (full 3):
 PSYoungGen      total 215040K, used 16074K [0x00000000e0000000, 0x00000000f2880000, 0x0000000100000000)
  eden space 189440K, 0% used [0x00000000e0000000,0x00000000e0000000,0x00000000eb900000)
  from space 25600K, 62% used [0x00000000eb900000,0x00000000ec8b2af0,0x00000000ed200000)
  to   space 26112K, 0% used [0x00000000f0f00000,0x00000000f0f00000,0x00000000f2880000)
 ParOldGen       total 94720K, used 42859K [0x00000000a0000000, 0x00000000a5c80000, 0x00000000e0000000)
  object space 94720K, 45% used [0x00000000a0000000,0x00000000a29dac28,0x00000000a5c80000)
 Metaspace       used 56719K, capacity 58945K, committed 59028K, reserved 1099776K
  class space    used 7767K, capacity 8365K, committed 8448K, reserved 1048576K

